suiteXmlPath: "D:\eclipse-workspace\MyProject\Master.xml"
[TestNG] Running:
  D:\eclipse-workspace\MyProject\Master.xml

suiteXmlPath: "D:\eclipse-workspace\MyProject\Master.xml"
[TestNG] Running:
  D:\eclipse-workspace\MyProject\Master.xml

suiteXmlPath: "D:\eclipse-workspace\MyProject\Master.xml"
[TestNG] Running:
  D:\eclipse-workspace\MyProject\Master.xml

suiteXmlPath: "D:\eclipse-workspace\MyProject\Master.xml"
[TestNG] Running:
  D:\eclipse-workspace\MyProject\Master.xml

suiteXmlPath: "D:\eclipse-workspace\MyProject\Master.xml"
[TestNG] Running:
  D:\eclipse-workspace\MyProject\Master.xml

suiteXmlPath: "D:\eclipse-workspace\MyProject\Master.xml"
[TestNG] Running:
  D:\eclipse-workspace\MyProject\Master.xml

suiteXmlPath: "D:\eclipse-workspace\MyProject\Master.xml"
[TestNG] Running:
  D:\eclipse-workspace\MyProject\Master.xml

suiteXmlPath: "D:\eclipse-workspace\MyProject\Master.xml"
[TestNG] Running:
  D:\eclipse-workspace\MyProject\Master.xml

suiteXmlPath: "D:\eclipse-workspace\MyProject\Master.xml"
[TestNG] Running:
  D:\eclipse-workspace\MyProject\Master.xml

suiteXmlPath: "D:\eclipse-workspace\MyProject\Master.xml"
[TestNG] Running:
  D:\eclipse-workspace\MyProject\Master.xml

-------Starting TC002_AddToCart-------
-------Finished TC002_AddToCart-------
suiteXmlPath: "D:\eclipse-workspace\MyProject\Master.xml"
suiteXmlPath: "D:\eclipse-workspace\MyProject\Master.xml"
[TestNG] Running:
  D:\eclipse-workspace\MyProject\Master.xml

-------Starting TC001_ProductSearch-------
-------Finished TC001_ProductSearch-------
-------Starting TC002_AddToCart-------
-------Finished TC002_AddToCart-------
suiteXmlPath: "D:\eclipse-workspace\MyProject\Master.xml"
[TestNG] Running:
  D:\eclipse-workspace\MyProject\Master.xml

-------Starting TC001_ProductSearch-------
-------Finished TC001_ProductSearch-------
-------Starting TC002_AddToCart-------
-------Finished TC002_AddToCart-------
suiteXmlPath: "D:\eclipse-workspace\MyProject\Master.xml"
-------Starting TC001_ProductSearch-------
-------Finished TC001_ProductSearch-------
-------Starting TC002_AddToCart-------
-------Finished TC002_AddToCart-------
suiteXmlPath: "D:\eclipse-workspace\MyProject\Master.xml"
[TestNG] Running:
  D:\eclipse-workspace\MyProject\Master.xml

-------Started TC003_ProtractorApplicationTest-------
-------Finished TC003_ProtractorApplicationTest-------
suiteXmlPath: "D:\eclipse-workspace\MyProject\Master.xml"
[TestNG] Running:
  D:\eclipse-workspace\MyProject\Master.xml

-------Started TC003_ProtractorApplicationTest-------
-------Finished TC003_ProtractorApplicationTest-------
suiteXmlPath: "D:\eclipse-workspace\MyProject\Master.xml"
-------Started TC003_ProtractorApplicationTest-------
-------Finished TC003_ProtractorApplicationTest-------
